Add Component: Footprint Not Found SON65P300X300X100-9N-D
Add Component: Footprint Not Found SOT95P270X145-5N
Add Component: Footprint Not Found SOT95P280X145-5N
Add Pin To Net: Unknown Pin: Pin U500-2
Add Pin To Net: Unknown Pin: Pin U500-3
Add Pin To Net: Unknown Pin: Pin U500-4
Add Pin To Net: Unknown Pin: Pin U500-5
Add Pin To Net: Unknown Pin: Pin U500-6
Add Pin To Net: Unknown Pin: Pin U500-7
Add Pin To Net: Unknown Pin: Pin U500-8
Add Pin To Net: Unknown Pin: Pin U500-9
Add Pin To Net: Unknown Pin: Pin U501-2
Add Pin To Net: Unknown Pin: Pin U501-3
Add Pin To Net: Unknown Pin: Pin U501-4
Add Pin To Net: Unknown Pin: Pin U501-5
Add Pin To Net: Unknown Pin: Pin U502-1
Add Pin To Net: Unknown Pin: Pin U502-2
Add Pin To Net: Unknown Pin: Pin U502-3
Add Pin To Net: Unknown Pin: Pin U502-5
Add Class Member: Failed to add class member : Component U500 TPS2115ADRBR
Add Class Member: Failed to add class member : Component U501 MCP73832T-2DCI_OT
Add Class Member: Failed to add class member : Component U502 AP7347DQ-33W5-7
Added Room: Name=Power
