Replace Part C200 C-SMD-0603 in D:\BFH\PCB_Layout\WAS_Git\Schematic\SDCardButtonLed.SchDoc with C-SMD-0603 from WirelessAudioSpeaker.SCHLIB
Replace Part C201 C-SMD-0603 in D:\BFH\PCB_Layout\WAS_Git\Schematic\SDCardButtonLed.SchDoc with C-SMD-0603 from WirelessAudioSpeaker.SCHLIB
Replace Part C202 C-SMD-0603 in D:\BFH\PCB_Layout\WAS_Git\Schematic\SDCardButtonLed.SchDoc with C-SMD-0603 from WirelessAudioSpeaker.SCHLIB
Replace Part DS201 DS-LED-BLUE in D:\BFH\PCB_Layout\WAS_Git\Schematic\SDCardButtonLed.SchDoc with DS-LED-BLUE from WirelessAudioSpeaker.SCHLIB
Replace Part DS202 DS-LED-BLUE in D:\BFH\PCB_Layout\WAS_Git\Schematic\SDCardButtonLed.SchDoc with DS-LED-BLUE from WirelessAudioSpeaker.SCHLIB
Replace Part DS203 DS-LED-BLUE in D:\BFH\PCB_Layout\WAS_Git\Schematic\SDCardButtonLed.SchDoc with DS-LED-BLUE from WirelessAudioSpeaker.SCHLIB
Replace Part R200 R-SMD-0603 in D:\BFH\PCB_Layout\WAS_Git\Schematic\SDCardButtonLed.SchDoc with R-SMD-0603 from WirelessAudioSpeaker.SCHLIB
Replace Part R201 R-SMD-0603 in D:\BFH\PCB_Layout\WAS_Git\Schematic\SDCardButtonLed.SchDoc with R-SMD-0603 from WirelessAudioSpeaker.SCHLIB
Replace Part R202 R-SMD-0603 in D:\BFH\PCB_Layout\WAS_Git\Schematic\SDCardButtonLed.SchDoc with R-SMD-0603 from WirelessAudioSpeaker.SCHLIB
Replace Part R203 R-SMD-0603 in D:\BFH\PCB_Layout\WAS_Git\Schematic\SDCardButtonLed.SchDoc with R-SMD-0603 from WirelessAudioSpeaker.SCHLIB
Replace Part R204 R-SMD-0603 in D:\BFH\PCB_Layout\WAS_Git\Schematic\SDCardButtonLed.SchDoc with R-SMD-0603 from WirelessAudioSpeaker.SCHLIB
Replace Part R205 R-SMD-0603 in D:\BFH\PCB_Layout\WAS_Git\Schematic\SDCardButtonLed.SchDoc with R-SMD-0603 from WirelessAudioSpeaker.SCHLIB
Replace Part R206 R-SMD-0603 in D:\BFH\PCB_Layout\WAS_Git\Schematic\SDCardButtonLed.SchDoc with R-SMD-0603 from WirelessAudioSpeaker.SCHLIB
Replace Part R207 R-SMD-0603 in D:\BFH\PCB_Layout\WAS_Git\Schematic\SDCardButtonLed.SchDoc with R-SMD-0603 from WirelessAudioSpeaker.SCHLIB
Replace Part R208 R-SMD-0603 in D:\BFH\PCB_Layout\WAS_Git\Schematic\SDCardButtonLed.SchDoc with R-SMD-0603 from WirelessAudioSpeaker.SCHLIB
Replace Part R209 R-SMD-0603 in D:\BFH\PCB_Layout\WAS_Git\Schematic\SDCardButtonLed.SchDoc with R-SMD-0603 from WirelessAudioSpeaker.SCHLIB
Replace Part R210 R-SMD-0603 in D:\BFH\PCB_Layout\WAS_Git\Schematic\SDCardButtonLed.SchDoc with R-SMD-0603 from WirelessAudioSpeaker.SCHLIB
Replace Part R211 R-SMD-0603 in D:\BFH\PCB_Layout\WAS_Git\Schematic\SDCardButtonLed.SchDoc with R-SMD-0603 from WirelessAudioSpeaker.SCHLIB
Replace Part R212 R-SMD-0603 in D:\BFH\PCB_Layout\WAS_Git\Schematic\SDCardButtonLed.SchDoc with R-SMD-0603 from WirelessAudioSpeaker.SCHLIB
Replace Part R213 R-SMD-0603 in D:\BFH\PCB_Layout\WAS_Git\Schematic\SDCardButtonLed.SchDoc with R-SMD-0603 from WirelessAudioSpeaker.SCHLIB
Replace Part S200 S-Tactile-Switch in D:\BFH\PCB_Layout\WAS_Git\Schematic\SDCardButtonLed.SchDoc with S-Tactile-Switch from WirelessAudioSpeaker.SCHLIB
Replace Part S201 S-Tactile-Switch in D:\BFH\PCB_Layout\WAS_Git\Schematic\SDCardButtonLed.SchDoc with S-Tactile-Switch from WirelessAudioSpeaker.SCHLIB
Replace Part S202 S-Tactile-Switch in D:\BFH\PCB_Layout\WAS_Git\Schematic\SDCardButtonLed.SchDoc with S-Tactile-Switch from WirelessAudioSpeaker.SCHLIB
Replace Part S203 S-Tactile-Switch in D:\BFH\PCB_Layout\WAS_Git\Schematic\SDCardButtonLed.SchDoc with S-Tactile-Switch from WirelessAudioSpeaker.SCHLIB
Replace Part S204 S-B3U-100P in D:\BFH\PCB_Layout\WAS_Git\Schematic\SDCardButtonLed.SchDoc with S-B3U-100P from WirelessAudioSpeaker.SCHLIB
Replace Part S205 S-B3U-100P in D:\BFH\PCB_Layout\WAS_Git\Schematic\SDCardButtonLed.SchDoc with S-B3U-100P from WirelessAudioSpeaker.SCHLIB
Replace Part X200 X-DM3AT-SF-PEJM5 in D:\BFH\PCB_Layout\WAS_Git\Schematic\SDCardButtonLed.SchDoc with X-DM3AT-SF-PEJM5 from WirelessAudioSpeaker.SCHLIB
