Replace Part C100 C-SMD-0603 in D:\BFH\PCB_Layout\WAS_Git\Schematic\USB_UART_IMU.SchDoc with C-SMD-0603 from WirelessAudioSpeaker.SCHLIB
Replace Part C101 C-SMD-0603 in D:\BFH\PCB_Layout\WAS_Git\Schematic\USB_UART_IMU.SchDoc with C-SMD-0603 from WirelessAudioSpeaker.SCHLIB
Replace Part C102 C-SMD-0603 in D:\BFH\PCB_Layout\WAS_Git\Schematic\USB_UART_IMU.SchDoc with C-SMD-0603 from WirelessAudioSpeaker.SCHLIB
Replace Part C103 C-SMD-0603 in D:\BFH\PCB_Layout\WAS_Git\Schematic\USB_UART_IMU.SchDoc with C-SMD-0603 from WirelessAudioSpeaker.SCHLIB
Replace Part C104 C-SMD-0603 in D:\BFH\PCB_Layout\WAS_Git\Schematic\USB_UART_IMU.SchDoc with C-SMD-0603 from WirelessAudioSpeaker.SCHLIB
Replace Part C105 C-SMD-0603 in D:\BFH\PCB_Layout\WAS_Git\Schematic\USB_UART_IMU.SchDoc with C-SMD-0603 from WirelessAudioSpeaker.SCHLIB
Replace Part C106 C-SMD-0603 in D:\BFH\PCB_Layout\WAS_Git\Schematic\USB_UART_IMU.SchDoc with C-SMD-0603 from WirelessAudioSpeaker.SCHLIB
Replace Part C107 C-SMD-0603 in D:\BFH\PCB_Layout\WAS_Git\Schematic\USB_UART_IMU.SchDoc with C-SMD-0603 from WirelessAudioSpeaker.SCHLIB
Replace Part C108 C-SMD-0603 in D:\BFH\PCB_Layout\WAS_Git\Schematic\USB_UART_IMU.SchDoc with C-SMD-0603 from WirelessAudioSpeaker.SCHLIB
Replace Part C109 C-SMD-0603 in D:\BFH\PCB_Layout\WAS_Git\Schematic\USB_UART_IMU.SchDoc with C-SMD-0603 from WirelessAudioSpeaker.SCHLIB
Replace Part F100 F-0603F050-2 in D:\BFH\PCB_Layout\WAS_Git\Schematic\USB_UART_IMU.SchDoc with F-0603F050-2 from WirelessAudioSpeaker.SCHLIB
Replace Part Q100 Q-BC847BS in D:\BFH\PCB_Layout\WAS_Git\Schematic\USB_UART_IMU.SchDoc with Q-BC847BS from WirelessAudioSpeaker.SCHLIB
Replace Part Q100 Q-BC847BS in D:\BFH\PCB_Layout\WAS_Git\Schematic\USB_UART_IMU.SchDoc with Q-BC847BS from WirelessAudioSpeaker.SCHLIB
Replace Part R100 R-SMD-0603 in D:\BFH\PCB_Layout\WAS_Git\Schematic\USB_UART_IMU.SchDoc with R-SMD-0603 from WirelessAudioSpeaker.SCHLIB
Replace Part R101 R-SMD-0603 in D:\BFH\PCB_Layout\WAS_Git\Schematic\USB_UART_IMU.SchDoc with R-SMD-0603 from WirelessAudioSpeaker.SCHLIB
Replace Part R102 R-SMD-0603 in D:\BFH\PCB_Layout\WAS_Git\Schematic\USB_UART_IMU.SchDoc with R-SMD-0603 from WirelessAudioSpeaker.SCHLIB
Replace Part R103 R-SMD-0603 in D:\BFH\PCB_Layout\WAS_Git\Schematic\USB_UART_IMU.SchDoc with R-SMD-0603 from WirelessAudioSpeaker.SCHLIB
Replace Part R104 R-SMD-0603 in D:\BFH\PCB_Layout\WAS_Git\Schematic\USB_UART_IMU.SchDoc with R-SMD-0603 from WirelessAudioSpeaker.SCHLIB
Replace Part R105 R-SMD-0603 in D:\BFH\PCB_Layout\WAS_Git\Schematic\USB_UART_IMU.SchDoc with R-SMD-0603 from WirelessAudioSpeaker.SCHLIB
Replace Part R106 R-SMD-0603 in D:\BFH\PCB_Layout\WAS_Git\Schematic\USB_UART_IMU.SchDoc with R-SMD-0603 from WirelessAudioSpeaker.SCHLIB
Replace Part R107 R-SMD-0603 in D:\BFH\PCB_Layout\WAS_Git\Schematic\USB_UART_IMU.SchDoc with R-SMD-0603 from WirelessAudioSpeaker.SCHLIB
Replace Part U100 U-FT231XQ-R in D:\BFH\PCB_Layout\WAS_Git\Schematic\USB_UART_IMU.SchDoc with U-FT231XQ-R from WirelessAudioSpeaker.SCHLIB
Replace Part U101 U-ICM-40627 in D:\BFH\PCB_Layout\WAS_Git\Schematic\USB_UART_IMU.SchDoc with U-ICM-40627 from WirelessAudioSpeaker.SCHLIB
Replace Part U103 U-ESDA7P120-1U1M in D:\BFH\PCB_Layout\WAS_Git\Schematic\USB_UART_IMU.SchDoc with U-ESDA7P120-1U1M from WirelessAudioSpeaker.SCHLIB
Replace Part X100 X-MicroUSB in D:\BFH\PCB_Layout\WAS_Git\Schematic\USB_UART_IMU.SchDoc with X-MicroUSB from WirelessAudioSpeaker.SCHLIB
